<?xml version="1.0" encoding="UTF-8"?>
<testsuite xmlns:xsi="http://www.w3.org/2001/XMLSchema-instance" xsi:noNamespaceSchemaLocation="https://maven.apache.org/surefire/maven-surefire-plugin/xsd/surefire-test-report-3.0.xsd" version="3.0" name="TestSuite" time="32.159" tests="5" errors="0" skipped="2" failures="2">
  <properties>
[...]
</properties>
  <testcase name="DHSHomeTestAndroid" classname="DHS.dhsHomeTest" time="2.286">
    <failure message="EE-500-0001 - Max number of sessions reached. To add auto wait timeout of up to 54000000000 minutes, use the &quot;&apos;waitForAvailableLicense&apos;: true&quot; capability (WARNING: The server did not provide any stacktrace information)&#10;Command duration or timeout: 2.03 seconds&#10;Build info: version: &apos;3.141.59&apos;, revision: &apos;e82be7d358&apos;, time: &apos;2018-11-14T08:17:03&apos;&#10;System info: host: &apos;DESKTOP-D47G269&apos;, ip: &apos;192.168.1.242&apos;, os.name: &apos;Windows 10&apos;, os.arch: &apos;amd64&apos;, os.version: &apos;10.0&apos;, java.version: &apos;17.0.1&apos;&#10;Driver info: driver.version: RemoteWebDriver" type="org.openqa.selenium.SessionNotCreatedException"><![CDATA[org.openqa.selenium.SessionNotCreatedException: 
EE-500-0001 - Max number of sessions reached. To add auto wait timeout of up to 54000000000 minutes, use the "'waitForAvailableLicense': true" capability (WARNING: The server did not provide any stacktrace information)
Command duration or timeout: 2.03 seconds
Build info: version: '3.141.59', revision: 'e82be7d358', time: '2018-11-14T08:17:03'
System info: host: 'DESKTOP-D47G269', ip: '192.168.1.242', os.name: 'Windows 10', os.arch: 'amd64', os.version: '10.0', java.version: '17.0.1'
Driver info: driver.version: RemoteWebDriver
	at DHS.dhsHomeTest.DHSHomeTestAndroid(dhsHomeTest.java:138)
]]></failure>
    <system-out><![CDATA[Run started
]]></system-out>
  </testcase>
  <testcase name="afterMethod[[TestResult name=DHSHomeTestAndroid status=FAILURE method=dhsHomeTest.DHSHomeTestAndroid()[pri:0, instance:DHS.dhsHomeTest@6ab7a896] output={null}]](0)" classname="DHS.dhsHomeTest" time="2.297">
    <failure message="Cannot invoke &quot;org.openqa.selenium.JavascriptExecutor.executeScript(String, Object[])&quot; because &quot;webDriver&quot; is null" type="java.lang.NullPointerException"><![CDATA[java.lang.NullPointerException: Cannot invoke "org.openqa.selenium.JavascriptExecutor.executeScript(String, Object[])" because "webDriver" is null
	at DHS.dhsHomeTest.afterMethod(dhsHomeTest.java:227)
]]></failure>
  </testcase>
  <testcase name="DHSHomeTestiOS" classname="DHS.dhsHomeTest" time="0">
    <skipped/>
  </testcase>
  <testcase name="afterMethod" classname="DHS.dhsHomeTest" time="0">
    <skipped/>
  </testcase>
  <testcase name="homepageTest" classname="DHS.DHSWebTest" time="26.534">
    <system-out><![CDATA[11:55:23,622 |-INFO in ch.qos.logback.classic.LoggerContext[default] - Could NOT find resource [logback-test.xml]
11:55:23,622 |-INFO in ch.qos.logback.classic.LoggerContext[default] - Could NOT find resource [logback.groovy]
11:55:23,622 |-INFO in ch.qos.logback.classic.LoggerContext[default] - Found resource [logback.xml] at [file:/C:/Users/12037/OneDrive/Documents/PerfectoJavaSample-master/Perfecto%20Test/target/classes/logback.xml]
11:55:23,623 |-WARN in ch.qos.logback.classic.LoggerContext[default] - Resource [logback.xml] occurs multiple times on the classpath.
11:55:23,623 |-WARN in ch.qos.logback.classic.LoggerContext[default] - Resource [logback.xml] occurs at [file:/C:/Users/12037/OneDrive/Documents/PerfectoJavaSample-master/Perfecto%20Test/target/classes/logback.xml]
11:55:23,623 |-WARN in ch.qos.logback.classic.LoggerContext[default] - Resource [logback.xml] occurs at [jar:file:/C:/Users/12037/.m2/repository/com/perfectomobile/pm-webdriver/18.6.0.0/pm-webdriver-18.6.0.0.jar!/logback.xml]
11:55:23,646 |-INFO in ch.qos.logback.classic.joran.action.ConfigurationAction - debug attribute not set
11:55:23,646 |-INFO in ch.qos.logback.core.joran.action.AppenderAction - About to instantiate appender of type [ch.qos.logback.core.ConsoleAppender]
11:55:23,650 |-INFO in ch.qos.logback.core.joran.action.AppenderAction - Naming appender as [STDOUT]
11:55:23,654 |-INFO in ch.qos.logback.core.joran.action.NestedComplexPropertyIA - Assuming default type [ch.qos.logback.classic.encoder.PatternLayoutEncoder] for [encoder] property
11:55:23,668 |-INFO in ch.qos.logback.classic.joran.action.LoggerAction - Setting level of logger [org.apache] to ERROR
11:55:23,668 |-INFO in ch.qos.logback.classic.joran.action.LoggerAction - Setting level of logger [httpclient] to ERROR
11:55:23,668 |-INFO in ch.qos.logback.classic.joran.action.RootLoggerAction - Setting level of ROOT logger to DEBUG
11:55:23,669 |-INFO in ch.qos.logback.core.joran.action.AppenderRefAction - Attaching appender named [STDOUT] to Logger[ROOT]
11:55:23,669 |-INFO in ch.qos.logback.classic.joran.action.ConfigurationAction - End of configuration.
11:55:23,670 |-INFO in ch.qos.logback.classic.joran.JoranConfigurator@3c3dc0a4 - Registering current configuration as safe fallback point

11:55:23 TestNG INFO  AxeClasses.AxeHelper Loading helper script /axeHighlighter.js
11:55:23 TestNG INFO  AxeClasses.AxeHelper Loading helper script /runAxe.js
11:55:23 TestNG INFO  AxeClasses.AxeHelper Loading helper script /startHighlighter.js
11:55:23 TestNG DEBUG AxeClasses.AxeHelper Injecting Axe from "https://cdnjs.cloudflare.com/ajax/libs/axe-core/3.5.3/axe.min.js"
11:55:23 TestNG INFO  AxeClasses.JavascriptInjector Injecting JavaScript from URL: https://cdnjs.cloudflare.com/ajax/libs/axe-core/3.5.3/axe.min.js
11:55:25 TestNG INFO  AxeClasses.JavascriptInjector executeAsyncScript works on: ANY null - Chrome 104
11:55:26 TestNG INFO  AxeClasses.AxeHelper Axe injection succeded.
11:55:26 TestNG DEBUG AxeClasses.AxeHelper Getting axe rules...
11:55:26 TestNG INFO  AxeClasses.AxeHelper 89 AXE rules available.
11:55:29 TestNG INFO  AxeClasses.AxeHelper Axe returned: true
11:55:29 TestNG INFO  AxeClasses.AxeHelper Axe highlight script: true
11:55:29 TestNG INFO  AxeClasses.AxeHelper Axe start highlighter returned: true
]]></system-out>
    <system-err><![CDATA[Sep 22, 2022 11:55:18 AM org.openqa.selenium.remote.ProtocolHandshake createSession
INFO: Detected dialect: W3C
AxeClasses.AccessibilityException: 
ANY-11 Chrome-104 : 14 violations on http://www.dhs.gov
Report Link: https://trial.app.perfectomobile.com/reporting/library?externalId[0]=f9af8623-7cde-4816-9254-3e5ffe8b2a70

critical - aria-valid-attr-value
 Fix all of the following:
  Invalid ARIA attribute value: aria-labelledby="block-dhs-uswds-subtheme-footer-menu"
 Selector:	#block-dhs-uswds-subtheme-footer
 HTML:		<nav role="navigation" aria-labelledby="block-dhs-uswds-subtheme-footer-menu" id="block-dhs-uswds-subtheme-footer" class="grid-col-9 block block-menu navigation menu--footer">

minor - duplicate-id
 Fix any of the following:
  Document has multiple static elements with the same id attribute
 Selector:	#basic-mega-nav-section-1 > .grid-gap-4.grid-row:nth-child(1)
 HTML:		<div id="desktop-submenu" class="grid-row grid-gap-4">

minor - duplicate-id
 Fix any of the following:
  Document has multiple static elements with the same id attribute
 Selector:	#basic-mega-nav-section-1 > .grid-gap-4.grid-row:nth-child(2)
 HTML:		<div id="extra-parent" class="grid-row grid-gap-4">

minor - duplicate-id
 Fix any of the following:
  Document has multiple static elements with the same id attribute
 Selector:	#basic-mega-nav-section-1 > .grid-gap-4.grid-row:nth-child(2) > div:nth-child(1)
 HTML:		<div id="mobile-submenu">
        <div class="usa-col">
          <div class="usa-nav__submenu-item">
            <a href="/topics" class="survey-processed">
              <span>Topics</span>
            </a>
          </div>
        </div>
      </div>

serious - link-name
 Fix all of the following:
  Element is in tab order and does not have accessible text

Fix any of the following:
  Element does not have text that is visible to screen readers
  aria-label attribute does not exist or is empty
  aria-labelledby attribute does not exist, references elements that do not exist or references elements that are empty
  Element's default semantics were not overridden with role="presentation"
  Element's default semantics were not overridden with role="none"
 Selector:	.show-button.tablet\:grid-col-4.usa-card:nth-child(1) > .usa-card__container > .usa-card__media > .usa-card__img > .card-link.survey-processed[data-route-name=""]
 HTML:		<a href="https://www.ready.gov/september" class="card-link survey-processed" data-route-name="">

serious - link-name
 Fix all of the following:
  Element is in tab order and does not have accessible text

Fix any of the following:
  Element does not have text that is visible to screen readers
  aria-label attribute does not exist or is empty
  aria-labelledby attribute does not exist, references elements that do not exist or references elements that are empty
  Element's default semantics were not overridden with role="presentation"
  Element's default semantics were not overridden with role="none"
 Selector:	.card-link[href$="ukraine"][data-route-name=""]
 HTML:		<a href="/ukraine" class="card-link survey-processed" data-route-name="">

serious - link-name
 Fix all of the following:
  Element is in tab order and does not have accessible text

Fix any of the following:
  Element does not have text that is visible to screen readers
  aria-label attribute does not exist or is empty
  aria-labelledby attribute does not exist, references elements that do not exist or references elements that are empty
  Element's default semantics were not overridden with role="presentation"
  Element's default semantics were not overridden with role="none"
 Selector:	.show-button.tablet\:grid-col-4.usa-card:nth-child(3) > .usa-card__container > .usa-card__media > .usa-card__img > .card-link.survey-processed[data-route-name=""]
 HTML:		<a href="/allieswelcome?utm_source=hp_slideshow&amp;utm_medium=web&amp;utm_campaign=dhsgov" class="card-link survey-processed" data-route-name="">

serious - link-name
 Fix all of the following:
  Element is in tab order and does not have accessible text

Fix any of the following:
  Element does not have text that is visible to screen readers
  aria-label attribute does not exist or is empty
  aria-labelledby attribute does not exist, references elements that do not exist or references elements that are empty
  Element's default semantics were not overridden with role="presentation"
  Element's default semantics were not overridden with role="none"
 Selector:	.show-button.tablet\:grid-col-4.usa-card:nth-child(4) > .usa-card__container > .usa-card__media > .usa-card__img > .card-link.survey-processed[data-route-name=""]
 HTML:		<a href="/dhs-actions-climate-change?utm_source=hp_slideshow&amp;utm_medium=web&amp;utm_campaign=dhsgov" class="card-link survey-processed" data-route-name="">

serious - link-name
 Fix all of the following:
  Element is in tab order and does not have accessible text

Fix any of the following:
  Element does not have text that is visible to screen readers
  aria-label attribute does not exist or is empty
  aria-labelledby attribute does not exist, references elements that do not exist or references elements that are empty
  Element's default semantics were not overridden with role="presentation"
  Element's default semantics were not overridden with role="none"
 Selector:	.show-button.tablet\:grid-col-4.usa-card:nth-child(5) > .usa-card__container > .usa-card__media > .usa-card__img > .card-link.survey-processed[data-route-name=""]
 HTML:		<a href="/topics/cybersecurity?utm_source=hp_slideshow&amp;utm_medium=web&amp;utm_campaign=dhsgov" class="card-link survey-processed" data-route-name="">

serious - link-name
 Fix all of the following:
  Element is in tab order and does not have accessible text

Fix any of the following:
  Element does not have text that is visible to screen readers
  aria-label attribute does not exist or is empty
  aria-labelledby attribute does not exist, references elements that do not exist or references elements that are empty
  Element's default semantics were not overridden with role="presentation"
  Element's default semantics were not overridden with role="none"
 Selector:	.card-link[href$="are-you-real-id-ready"][data-route-name=""]
 HTML:		<a href="/real-id/are-you-real-id-ready" class="card-link survey-processed" data-route-name="">

serious - link-name
 Fix all of the following:
  Element is in tab order and does not have accessible text

Fix any of the following:
  Element does not have text that is visible to screen readers
  aria-label attribute does not exist or is empty
  aria-labelledby attribute does not exist, references elements that do not exist or references elements that are empty
  Element's default semantics were not overridden with role="presentation"
  Element's default semantics were not overridden with role="none"
 Selector:	.text-no-underline.card-link[href$="homeland-security-careers"]
 HTML:		<a href="/homeland-security-careers" class="text-no-underline card-link survey-processed">

serious - link-name
 Fix all of the following:
  Element is in tab order and does not have accessible text

Fix any of the following:
  Element does not have text that is visible to screen readers
  aria-label attribute does not exist or is empty
  aria-labelledby attribute does not exist, references elements that do not exist or references elements that are empty
  Element's default semantics were not overridden with role="presentation"
  Element's default semantics were not overridden with role="none"
 Selector:	.tablet\:grid-col-3.usa-card.carousel-item:nth-child(2) > .text-no-underline.card-link.survey-processed
 HTML:		<a href="/see-something-say-something/how-to-report-suspicious-activity" class="text-no-underline card-link survey-processed">

serious - link-name
 Fix all of the following:
  Element is in tab order and does not have accessible text

Fix any of the following:
  Element does not have text that is visible to screen readers
  aria-label attribute does not exist or is empty
  aria-labelledby attribute does not exist, references elements that do not exist or references elements that are empty
  Element's default semantics were not overridden with role="presentation"
  Element's default semantics were not overridden with role="none"
 Selector:	a[href$="check-wait-times"]
 HTML:		<a href="/check-wait-times" class="text-no-underline card-link survey-processed">

serious - link-name
 Fix all of the following:
  Element is in tab order and does not have accessible text

Fix any of the following:
  Element does not have text that is visible to screen readers
  aria-label attribute does not exist or is empty
  aria-labelledby attribute does not exist, references elements that do not exist or references elements that are empty
  Element's default semantics were not overridden with role="presentation"
  Element's default semantics were not overridden with role="none"
 Selector:	.text-no-underline.card-link[href$="cybersecurity"]
 HTML:		<a href="/topics/cybersecurity" class="text-no-underline card-link survey-processed">



	at DHS.DHSWebTest.homepageTest(DHSWebTest.java:163)
	at java.base/jdk.internal.reflect.NativeMethodAccessorImpl.invoke0(Native Method)
	at java.base/jdk.internal.reflect.NativeMethodAccessorImpl.invoke(NativeMethodAccessorImpl.java:77)
	at java.base/jdk.internal.reflect.DelegatingMethodAccessorImpl.invoke(DelegatingMethodAccessorImpl.java:43)
	at java.base/java.lang.reflect.Method.invoke(Method.java:568)
	at org.testng.internal.MethodInvocationHelper.invokeMethod(MethodInvocationHelper.java:86)
	at org.testng.internal.Invoker.invokeMethod(Invoker.java:643)
	at org.testng.internal.Invoker.invokeTestMethod(Invoker.java:820)
	at org.testng.internal.Invoker.invokeTestMethods(Invoker.java:1128)
	at org.testng.internal.TestMethodWorker.invokeTestMethods(TestMethodWorker.java:129)
	at org.testng.internal.TestMethodWorker.run(TestMethodWorker.java:112)
	at org.testng.TestRunner.privateRun(TestRunner.java:782)
	at org.testng.TestRunner.run(TestRunner.java:632)
	at org.testng.SuiteRunner.runTest(SuiteRunner.java:366)
	at org.testng.SuiteRunner.access$000(SuiteRunner.java:39)
	at org.testng.SuiteRunner$SuiteWorker.run(SuiteRunner.java:400)
	at org.testng.internal.thread.ThreadUtil$2.call(ThreadUtil.java:64)
	at java.base/java.util.concurrent.FutureTask.run(FutureTask.java:264)
	at java.base/java.util.concurrent.ThreadPoolExecutor.runWorker(ThreadPoolExecutor.java:1136)
	at java.base/java.util.concurrent.ThreadPoolExecutor$Worker.run(ThreadPoolExecutor.java:635)
	at java.base/java.lang.Thread.run(Thread.java:833)
]]></system-err>
  </testcase>
</testsuite>